Determining if the pthread_create exist failed with the following output:
Change Dir: /home/user/catkin_ws/build/CMakeFiles/CMakeTmp

Run Build Command:"/usr/bin/make" "cmTC_828a9/fast"
/usr/bin/make -f CMakeFiles/cmTC_828a9.dir/build.make CMakeFiles/cmTC_828a9.dir/build
make[1]: Entering directory '/home/user/catkin_ws/build/CMakeFiles/CMakeTmp'
Building C object CMakeFiles/cmTC_828a9.dir/CheckSymbolExists.c.o
/usr/bin/cc    -o CMakeFiles/cmTC_828a9.dir/CheckSymbolExists.c.o   -c /home/user/catkin_ws/build/CMakeFiles/CMakeTmp/CheckSymbolExists.c
Linking C executable cmTC_828a9
/usr/bin/cmake -E cmake_link_script CMakeFiles/cmTC_828a9.dir/link.txt --verbose=1
/usr/bin/cc      -rdynamic CMakeFiles/cmTC_828a9.dir/CheckSymbolExists.c.o  -o cmTC_828a9 
CMakeFiles/cmTC_828a9.dir/CheckSymbolExists.c.o: In function `main':
CheckSymbolExists.c:(.text+0x1b): undefined reference to `pthread_create'
collect2: error: ld returned 1 exit status
CMakeFiles/cmTC_828a9.dir/build.make:97: recipe for target 'cmTC_828a9' failed
make[1]: *** [cmTC_828a9] Error 1
make[1]: Leaving directory '/home/user/catkin_ws/build/CMakeFiles/CMakeTmp'
Makefile:126: recipe for target 'cmTC_828a9/fast' failed
make: *** [cmTC_828a9/fast] Error 2

File /home/user/catkin_ws/build/CMakeFiles/CMakeTmp/CheckSymbolExists.c:
/* */
#include <pthread.h>

int main(int argc, char** argv)
{
  (void)argv;
#ifndef pthread_create
  return ((int*)(&pthread_create))[argc];
#else
  (void)argc;
  return 0;
#endif
}

Determining if the function pthread_create exists in the pthreads failed with the following output:
Change Dir: /home/user/catkin_ws/build/CMakeFiles/CMakeTmp

Run Build Command:"/usr/bin/make" "cmTC_14a69/fast"
/usr/bin/make -f CMakeFiles/cmTC_14a69.dir/build.make CMakeFiles/cmTC_14a69.dir/build
make[1]: Entering directory '/home/user/catkin_ws/build/CMakeFiles/CMakeTmp'
Building C object CMakeFiles/cmTC_14a69.dir/CheckFunctionExists.c.o
/usr/bin/cc   -DCHECK_FUNCTION_EXISTS=pthread_create   -o CMakeFiles/cmTC_14a69.dir/CheckFunctionExists.c.o   -c /usr/share/cmake-3.10/Modules/CheckFunctionExists.c
Linking C executable cmTC_14a69
/usr/bin/cmake -E cmake_link_script CMakeFiles/cmTC_14a69.dir/link.txt --verbose=1
/usr/bin/cc  -DCHECK_FUNCTION_EXISTS=pthread_create    -rdynamic CMakeFiles/cmTC_14a69.dir/CheckFunctionExists.c.o  -o cmTC_14a69 -lpthreads 
/usr/bin/ld: cannot find -lpthreads
collect2: error: ld returned 1 exit status
CMakeFiles/cmTC_14a69.dir/build.make:97: recipe for target 'cmTC_14a69' failed
make[1]: *** [cmTC_14a69] Error 1
make[1]: Leaving directory '/home/user/catkin_ws/build/CMakeFiles/CMakeTmp'
Makefile:126: recipe for target 'cmTC_14a69/fast' failed
make: *** [cmTC_14a69/fast] Error 2


